Using pre-set license
Built from '2020.3/staging' branch; Version is '2020.3.35f1 (18e4db7a9996) revision 1631451'; Using compiler version '192528614'; Build Type 'Release'
OS: 'Windows 11  (10.0.22621) 64bit CoreSingleLanguage' Language: 'en' Physical Memory: 16195 MB
BatchMode: 1, IsHumanControllingUs: 0, StartBugReporterOnCrash: 0, Is64bit: 1, IsPro: 0

COMMAND LINE ARGUMENTS:
C:\Program Files\Unity\Hub\Editor\2020.3.35f1\Editor\Unity.exe
-adb2
-batchMode
-noUpm
-name
AssetImportWorker0
-projectPath
C:/Users/marti/OneDrive/Desktop/ar-furniture-placer-master/ar-furniture-placer-master
-logFile
Logs/AssetImportWorker0.log
-srvPort
62934
Successfully changed project path to: C:/Users/marti/OneDrive/Desktop/ar-furniture-placer-master/ar-furniture-placer-master
C:/Users/marti/OneDrive/Desktop/ar-furniture-placer-master/ar-furniture-placer-master
Using Asset Import Pipeline V2.
Refreshing native plugins compatible for Editor in 104.83 ms, found 7 plugins.
Preloading 0 native plugins for Editor in 0.00 ms.
Initialize engine version: 2020.3.35f1 (18e4db7a9996)
[Subsystems] Discovering subsystems at path C:/Program Files/Unity/Hub/Editor/2020.3.35f1/Editor/Data/Resources/UnitySubsystems
[Subsystems] Discovering subsystems at path C:/Users/marti/OneDrive/Desktop/ar-furniture-placer-master/ar-furniture-placer-master/Assets
GfxDevice: creating device client; threaded=0
Direct3D:
    Version:  Direct3D 11.0 [level 11.1]
    Renderer: NVIDIA GeForce MX250 (ID=0x1d52)
    Vendor:   
    VRAM:     1983 MB
    Driver:   30.0.15.1278
Initialize mono
Mono path[0] = 'C:/Program Files/Unity/Hub/Editor/2020.3.35f1/Editor/Data/Managed'
Mono path[1] = 'C:/Program Files/Unity/Hub/Editor/2020.3.35f1/Editor/Data/MonoBleedingEdge/lib/mono/unityjit'
Mono config path = 'C:/Program Files/Unity/Hub/Editor/2020.3.35f1/Editor/Data/MonoBleedingEdge/etc'
Using monoOptions --debugger-agent=transport=dt_socket,embedding=1,server=y,suspend=n,address=127.0.0.1:56176
Begin MonoManager ReloadAssembly
Registering precompiled unity dll's ...
Register platform support module: C:/Program Files/Unity/Hub/Editor/2020.3.35f1/Editor/Data/PlaybackEngines/WindowsStandaloneSupport/UnityEditor.WindowsStandalone.Extensions.dll
Registered in 0.001878 seconds.
Native extension for WindowsStandalone target not found
Refreshing native plugins compatible for Editor in 126.62 ms, found 7 plugins.
Preloading 0 native plugins for Editor in 0.00 ms.
Mono: successfully reloaded assembly
- Completed reload, in  0.956 seconds
Domain Reload Profiling:
	ReloadAssembly (956ms)
		BeginReloadAssembly (87ms)
			ExecutionOrderSort (0ms)
			DisableScriptedObjects (0ms)
			BackupInstance (0ms)
			ReleaseScriptingObjects (0ms)
			CreateAndSetChildDomain (1ms)
		EndReloadAssembly (774ms)
			LoadAssemblies (85ms)
			RebuildTransferFunctionScriptingTraits (0ms)
			SetupTypeCache (221ms)
			ReleaseScriptCaches (0ms)
			RebuildScriptCaches (53ms)
			SetupLoadedEditorAssemblies (341ms)
				LogAssemblyErrors (0ms)
				InitializePlatformSupportModulesInManaged (6ms)
				SetLoadedEditorAssemblies (0ms)
				RefreshPlugins (127ms)
				BeforeProcessingInitializeOnLoad (23ms)
				ProcessInitializeOnLoadAttributes (130ms)
				ProcessInitializeOnLoadMethodAttributes (55ms)
				AfterProcessingInitializeOnLoad (0ms)
				EditorAssembliesLoaded (0ms)
			ExecutionOrderSort2 (0ms)
			AwakeInstancesAfterBackupRestoration (0ms)
Platform modules already initialized, skipping
Registering precompiled user dll's ...
Registered in 0.019870 seconds.
Begin MonoManager ReloadAssembly
Native extension for WindowsStandalone target not found
Refreshing native plugins compatible for Editor in 79.51 ms, found 7 plugins.
Preloading 0 native plugins for Editor in 0.00 ms.
Curl error 6: Could not resolve host: metrics.sdkbox.com
Mono: successfully reloaded assembly
- Completed reload, in  2.459 seconds
Domain Reload Profiling:
	ReloadAssembly (2461ms)
		BeginReloadAssembly (236ms)
			ExecutionOrderSort (0ms)
			DisableScriptedObjects (7ms)
			BackupInstance (0ms)
			ReleaseScriptingObjects (0ms)
			CreateAndSetChildDomain (35ms)
		EndReloadAssembly (2117ms)
			LoadAssemblies (175ms)
			RebuildTransferFunctionScriptingTraits (0ms)
			SetupTypeCache (506ms)
			ReleaseScriptCaches (1ms)
			RebuildScriptCaches (105ms)
			SetupLoadedEditorAssemblies (1048ms)
				LogAssemblyErrors (0ms)
				InitializePlatformSupportModulesInManaged (4ms)
				SetLoadedEditorAssemblies (0ms)
				RefreshPlugins (80ms)
				BeforeProcessingInitializeOnLoad (178ms)
				ProcessInitializeOnLoadAttributes (758ms)
				ProcessInitializeOnLoadMethodAttributes (21ms)
				AfterProcessingInitializeOnLoad (7ms)
				EditorAssembliesLoaded (0ms)
			ExecutionOrderSort2 (0ms)
			AwakeInstancesAfterBackupRestoration (3ms)
Platform modules already initialized, skipping
========================================================================
Worker process is ready to serve import requests
Launched and connected shader compiler UnityShaderCompiler.exe after 0.11 seconds
Refreshing native plugins compatible for Editor in 1.18 ms, found 7 plugins.
Preloading 0 native plugins for Editor in 0.00 ms.
Unloading 2932 Unused Serialized files (Serialized files now loaded: 0)
System memory in use before: 118.6 MB.
System memory in use after: 118.8 MB.

Unloading 73 unused Assets to reduce memory usage. Loaded Objects now: 3333.
Total: 5.421800 ms (FindLiveObjects: 0.285800 ms CreateObjectMapping: 0.221100 ms MarkObjects: 4.772700 ms  DeleteObjects: 0.140700 ms)

AssetImportParameters requested are different than current active one (requested -> active):
  custom:framework-win-MediaFoundation: 216162199b28c13a410421893ffa2e32 -> 
  custom:video-decoder-ogg-theora: a1e56fd34408186e4bbccfd4996cb3dc -> 
  custom:container-muxer-webm: aa71ff27fc2769a1b78a27578f13a17b -> 
  custom:container-demuxer-webm: 4f35f7cbe854078d1ac9338744f61a02 -> 
  custom:container-demuxer-ogg: 62fdf1f143b41e24485cea50d1cbac27 -> 
  custom:video-encoder-webm-vp8: eb34c28f22e8b96e1ab97ce403110664 -> 
  custom:video-decoder-webm-vp8: 9c59270c3fd7afecdb556c50c9e8de78 -> 
  custom:audio-decoder-ogg-vorbis: bf7c407c2cedff20999df2af8eb42d56 -> 
  custom:audio-encoder-webm-vorbis: bf7c407c2cedff20999df2af8eb42d56 -> 
========================================================================
Received Import Request.
  path: Assets/ExternalDependencyManager/Editor/1.2.174/Google.VersionHandlerImpl.dll
  artifactKey: Guid(149319a041c7420b94473745b1919576) Importer(815301076,1909f56bfc062723c751e8b465ee728b)
Start importing Assets/ExternalDependencyManager/Editor/1.2.174/Google.VersionHandlerImpl.dll using Guid(149319a041c7420b94473745b1919576) Importer(815301076,1909f56bfc062723c751e8b465ee728b)  -> (artifact id: '4f635eee53309afcc4992ae14e256aa0') in 0.067425 seconds 
========================================================================
Received Import Request.
  Time since last request: 0.000369 seconds.
  path: Assets/ExternalDependencyManager/Editor/1.2.174/Google.JarResolver.dll
  artifactKey: Guid(d9cf2414188e40c9a9f7a254a5436601) Importer(815301076,1909f56bfc062723c751e8b465ee728b)
Start importing Assets/ExternalDependencyManager/Editor/1.2.174/Google.JarResolver.dll using Guid(d9cf2414188e40c9a9f7a254a5436601) Importer(815301076,1909f56bfc062723c751e8b465ee728b)  -> (artifact id: '652eade2a9a59b547e2232b579d4b0ad') in 0.013425 seconds 
========================================================================
Received Import Request.
  Time since last request: 42.704055 seconds.
  path: Assets/XR/Settings
  artifactKey: Guid(d84f0178f4440c240a1eefe81f0d14de) Importer(815301076,1909f56bfc062723c751e8b465ee728b)
Start importing Assets/XR/Settings using Guid(d84f0178f4440c240a1eefe81f0d14de) Importer(815301076,1909f56bfc062723c751e8b465ee728b)  -> (artifact id: 'a876015d79a3a1821946a3f75cf2f218') in 0.007647 seconds 
========================================================================
Received Import Request.
  Time since last request: 11.942002 seconds.
  path: Assets/ExternalDependencyManager/Editor/1.2.174/Google.JarResolver.dll.mdb
  artifactKey: Guid(b7c7315093524d328a0896f4e2a2d5e1) Importer(815301076,1909f56bfc062723c751e8b465ee728b)
Start importing Assets/ExternalDependencyManager/Editor/1.2.174/Google.JarResolver.dll.mdb using Guid(b7c7315093524d328a0896f4e2a2d5e1) Importer(815301076,1909f56bfc062723c751e8b465ee728b)  -> (artifact id: '9969a74b22eae93e52b0d5c19caa0841') in 0.042736 seconds 
========================================================================
Received Import Request.
  Time since last request: 371.168530 seconds.
  path: Assets/AddressableAssetsData/AddressableAssetSettings.asset
  artifactKey: Guid(dbef4a37ef9f4df4bb51620d4800b3f1) Importer(815301076,1909f56bfc062723c751e8b465ee728b)
Start importing Assets/AddressableAssetsData/AddressableAssetSettings.asset using Guid(dbef4a37ef9f4df4bb51620d4800b3f1) Importer(815301076,1909f56bfc062723c751e8b465ee728b)  -> (artifact id: '186cc80d1126824c8622ddafe3851e69') in 0.025265 seconds 
========================================================================
Received Import Request.
  Time since last request: 78.590824 seconds.
  path: Assets/GeneratedLocalRepo
  artifactKey: Guid(7b8130bc2259e58438c693b52a145ec4) Importer(815301076,1909f56bfc062723c751e8b465ee728b)
Start importing Assets/GeneratedLocalRepo using Guid(7b8130bc2259e58438c693b52a145ec4) Importer(815301076,1909f56bfc062723c751e8b465ee728b)  -> (artifact id: '1bce9f333a1e9e9f3b7fb57c6e0631f5') in 0.009737 seconds 
AssetImportWorkerClient::OnTransportError - code=2 error=End of file
